<?xml version="1.0" encoding="UTF-8"?>
<!-- Generated by org.testng.reporters.JUnitXMLReporter -->
<testsuite ignored="0" hostname="F2-E6" failures="0" tests="3" name="ProvesUnitariesCastilla" time="0.031" errors="0" timestamp="2024-04-17T08:43:21 CEST">
  <testcase classname="exercicis_video.TestCases" name="setup" time="0.016"/>
  <testcase classname="exercicis_video.TestCases" name="testSteps" time="0.0"/>
  <testcase classname="exercicis_video.TestCases" name="tearDown" time="0.0"/>
</testsuite> <!-- ProvesUnitariesCastilla -->
