<?xml version="1.0" encoding="UTF-8"?>
<testng-results ignored="0" total="3" passed="3" failed="0" skipped="0">
  <reporter-output>
  </reporter-output>
  <suite started-at="2024-04-10T09:34:09 CEST" name="Default Suite" finished-at="2024-04-10T09:34:09 CEST" duration-ms="29">
    <groups>
    </groups>
    <test started-at="2024-04-10T09:34:09 CEST" name="ProvesUnitariesCastilla" finished-at="2024-04-10T09:34:09 CEST" duration-ms="29">
      <class name="exercicis_video.TestCases">
        <test-method signature="setup()[pri:1, instance:exercicis_video.TestCases@31206beb]" started-at="2024-04-10T09:34:09 CEST" name="setup" finished-at="2024-04-10T09:34:09 CEST" duration-ms="4" status="PASS">
          <reporter-output>
          </reporter-output>
        </test-method> <!-- setup -->
        <test-method signature="testSteps()[pri:2, instance:exercicis_video.TestCases@31206beb]" started-at="2024-04-10T09:34:09 CEST" name="testSteps" finished-at="2024-04-10T09:34:09 CEST" duration-ms="0" status="PASS">
          <reporter-output>
          </reporter-output>
        </test-method> <!-- testSteps -->
        <test-method signature="tearDown()[pri:3, instance:exercicis_video.TestCases@31206beb]" started-at="2024-04-10T09:34:09 CEST" name="tearDown" finished-at="2024-04-10T09:34:09 CEST" duration-ms="0" status="PASS">
          <reporter-output>
          </reporter-output>
        </test-method> <!-- tearDown -->
      </class> <!-- exercicis_video.TestCases -->
    </test> <!-- ProvesUnitariesCastilla -->
  </suite> <!-- Default Suite -->
</testng-results>
